<?xml version="1.0" encoding="UTF-8"?>
<testng-results skipped="0" failed="0" total="1" passed="1">
  <reporter-output>
  </reporter-output>
  <suite name="Default suite" duration-ms="105508" started-at="2015-06-10T23:28:58Z" finished-at="2015-06-10T23:30:44Z">
    <groups>
    </groups>
    <test name="Default test" duration-ms="105508" started-at="2015-06-10T23:28:58Z" finished-at="2015-06-10T23:30:44Z">
      <class name="com.test.AppiumTest2">
        <test-method status="PASS" signature="beforeTest()[pri:0, instance:com.test.AppiumTest2@5fe5c6f]" name="beforeTest" is-config="true" duration-ms="44458" started-at="2015-06-10T18:28:58Z" finished-at="2015-06-10T18:29:42Z">
          <reporter-output>
          </reporter-output>
        </test-method> <!-- beforeTest -->
        <test-method status="PASS" signature="test()[pri:0, instance:com.test.AppiumTest2@5fe5c6f]" name="test" duration-ms="60020" started-at="2015-06-10T18:29:42Z" finished-at="2015-06-10T18:30:43Z">
          <reporter-output>
          </reporter-output>
        </test-method> <!-- test -->
        <test-method status="PASS" signature="afterTest()[pri:0, instance:com.test.AppiumTest2@5fe5c6f]" name="afterTest" is-config="true" duration-ms="1009" started-at="2015-06-10T18:30:43Z" finished-at="2015-06-10T18:30:44Z">
          <reporter-output>
          </reporter-output>
        </test-method> <!-- afterTest -->
      </class> <!-- com.test.AppiumTest2 -->
    </test> <!-- Default test -->
  </suite> <!-- Default suite -->
</testng-results>
