<?xml version="1.0" encoding="UTF-8"?>
<testng-results skipped="0" failed="0" total="1" passed="1">
  <reporter-output>
  </reporter-output>
  <suite name="Default suite" duration-ms="73941" started-at="2015-06-10T07:12:31Z" finished-at="2015-06-10T07:13:45Z">
    <groups>
    </groups>
    <test name="Default test" duration-ms="73941" started-at="2015-06-10T07:12:31Z" finished-at="2015-06-10T07:13:45Z">
      <class name="com.YangHong.NGTest2">
        <test-method status="PASS" signature="beforeTest()[pri:0, instance:com.YangHong.NGTest2@5fe5c6f]" name="beforeTest" is-config="true" duration-ms="43864" started-at="2015-06-10T02:12:31Z" finished-at="2015-06-10T02:13:15Z">
          <reporter-output>
          </reporter-output>
        </test-method> <!-- beforeTest -->
        <test-method status="PASS" signature="beforeMethod()[pri:0, instance:com.YangHong.NGTest2@5fe5c6f]" name="beforeMethod" duration-ms="30027" started-at="2015-06-10T02:13:15Z" finished-at="2015-06-10T02:13:45Z">
          <reporter-output>
          </reporter-output>
        </test-method> <!-- beforeMethod -->
        <test-method status="PASS" signature="afterMethod()[pri:0, instance:com.YangHong.NGTest2@5fe5c6f]" name="afterMethod" is-config="true" duration-ms="2" started-at="2015-06-10T02:13:45Z" finished-at="2015-06-10T02:13:45Z">
          <reporter-output>
          </reporter-output>
        </test-method> <!-- afterMethod -->
      </class> <!-- com.YangHong.NGTest2 -->
    </test> <!-- Default test -->
  </suite> <!-- Default suite -->
</testng-results>
